#
# A fatal error has been detected by the Java Runtime Environment:
#
#  EXCEPTION_ACCESS_VIOLATION (0xc0000005) at pc=0x0000000061cef678, pid=5936, tid=2568
#
# JRE version: 7.0_05-b06
# Java VM: Java HotSpot(TM) 64-Bit Server VM (23.1-b03 mixed mode windows-amd64 compressed oops)
# Problematic frame:
# V  [jvm.dll+0xef678]
#
# Failed to write core dump. Minidumps are not enabled by default on client versions of Windows
#
# If you would like to submit a bug report, please visit:
#   http://bugreport.sun.com/bugreport/crash.jsp
#

---------------  T H R E A D  ---------------

Current thread (0x0000000002117000):  GCTaskThread [stack: 0x00000000060d0000,0x00000000061d0000] [id=2568]

siginfo: ExceptionCode=0xc0000005, reading address 0x00000000ffffffff

Registers:
RAX=0x00000000061d0000, RBX=0x000000000000000e, RCX=0x0000000000000000, RDX=0x0000000000000018
RSP=0x00000000061cf4c0, RBP=0x00000000021b9320, RSI=0x0000000085cda340, RDI=0x0000000052a17ec0
R8 =0x00000000ff6a60bf, R9 =0x000000000030e600, R10=0x000000000000000c, R11=0x000000000030e600
R12=0x0000000085cdaa00, R13=0x000000000030e800, R14=0x00000000850a09f0, R15=0x0000000000800800
RIP=0x0000000061cef678, EFLAGS=0x0000000000010206

Top of Stack: (sp=0x00000000061cf4c0)
0x00000000061cf4c0:   0000000000000000 00000000021173d0
0x00000000061cf4d0:   0000000002112df0 0000000061f56a99
0x00000000061cf4e0:   00000007850a09f0 0000000061db4ca2
0x00000000061cf4f0:   0000000000000000 00000000021173d0
0x00000000061cf500:   0000000002112df0 0000000000000000
0x00000000061cf510:   000000000000000e 0000000061f5775d
0x00000000061cf520:   00000000021b9320 0000000000000002
0x00000000061cf530:   00000000621537b0 000212890000000e
0x00000000061cf540:   000293ff00000004 000293ff00000003
0x00000000061cf550:   00000007850a09f0 000000000030e600
0x00000000061cf560:   000293ff00000005 000293ff00000003
0x00000000061cf570:   0000000002117000 0000000002112df0
0x00000000061cf580:   00000000021173e0 00000000021173d0
0x00000000061cf590:   00000000621537b0 0000000000000002
0x00000000061cf5a0:   000000000e97ef90 0000000000000000
0x00000000061cf5b0:   00000000021b9320 0000000061f5527e 

Instructions: (pc=0x0000000061cef678)
0x0000000061cef658:   05 43 1c 5c 00 49 c1 e8 03 49 d3 e8 41 0f b6 c0
0x0000000061cef668:   49 c1 e8 06 24 3f 0f b6 d0 48 8b 05 38 1c 5c 00
0x0000000061cef678:   4a 8b 0c c0 48 0f a3 d1 72 3e 48 8b cf e8 e6 d7
0x0000000061cef688:   fb ff 84 c0 74 32 48 8b d7 48 8b cd e8 17 d3 fb 


Register to memory mapping:

RAX=0x00000000061d0000 is an unknown value
RBX=0x000000000000000e is an unknown value
RCX=0x0000000000000000 is an unknown value
RDX=0x0000000000000018 is an unknown value
RSP=0x00000000061cf4c0 is an unknown value
RBP=0x00000000021b9320 is an unknown value
RSI=0x0000000085cda340 is an oop
[[I 
 - klass: {type array int}[]
 - length: 8390656
RDI=0x0000000052a17ec0 is an unknown value
R8 =0x00000000ff6a60bf is an unknown value
R9 =0x000000000030e600 is an unknown value
R10=0x000000000000000c is an unknown value
R11=0x000000000030e600 is an unknown value
R12=0x0000000085cdaa00 is an oop
[[I 
 - klass: {type array int}[]
 - length: 8390656
R13=0x000000000030e800 is an unknown value
R14=0x00000000850a09f0 is an oop
[[I 
 - klass: {type array int}[]
 - length: 8390656
R15=0x0000000000800800 is an unknown value


Stack: [0x00000000060d0000,0x00000000061d0000],  sp=0x00000000061cf4c0,  free space=1021k
Native frames: (J=compiled Java code, j=interpreted, Vv=VM code, C=native code)
V  [jvm.dll+0xef678]


---------------  P R O C E S S  ---------------

Java Threads: ( => current thread )
  0x00000000022cd000 JavaThread "DestroyJavaVM" [_thread_blocked, id=4248, stack(0x0000000002350000,0x0000000002450000)]
  0x000000000d44e000 JavaThread "RMI RenewClean-[192.168.40.128:50440]" daemon [_thread_blocked, id=5396, stack(0x000000000de60000,0x000000000df60000)]
  0x000000000e786000 JavaThread "RMI Scheduler(0)" daemon [_thread_blocked, id=3668, stack(0x000000000dc60000,0x000000000dd60000)]
  0x000000000d5f4800 JavaThread "GC Daemon" daemon [_thread_blocked, id=1600, stack(0x000000000e1b0000,0x000000000e2b0000)]
  0x000000000d5f4000 JavaThread "RMI Reaper" [_thread_blocked, id=5508, stack(0x000000000e470000,0x000000000e570000)]
  0x000000000d62f800 JavaThread "RMI TCP Accept-0" daemon [_thread_in_native, id=4520, stack(0x000000000e2d0000,0x000000000e3d0000)]
  0x000000000d60b800 JavaThread "RMI TCP Accept-1099" daemon [_thread_in_native, id=5372, stack(0x000000000e0a0000,0x000000000e1a0000)]
  0x000000000b68f000 JavaThread "Service Thread" daemon [_thread_blocked, id=5444, stack(0x000000000d090000,0x000000000d190000)]
  0x000000000b68e800 JavaThread "C2 CompilerThread1" daemon [_thread_blocked, id=5416, stack(0x000000000cf80000,0x000000000d080000)]
  0x000000000b688000 JavaThread "C2 CompilerThread0" daemon [_thread_blocked, id=1308, stack(0x000000000ca10000,0x000000000cb10000)]
  0x000000000b687000 JavaThread "Attach Listener" daemon [_thread_blocked, id=4500, stack(0x000000000ccd0000,0x000000000cdd0000)]
  0x000000000b680000 JavaThread "Signal Dispatcher" daemon [_thread_blocked, id=5296, stack(0x000000000cb10000,0x000000000cc10000)]
  0x00000000021bf800 JavaThread "Finalizer" daemon [_thread_blocked, id=4436, stack(0x000000000c8b0000,0x000000000c9b0000)]
  0x00000000021be000 JavaThread "Reference Handler" daemon [_thread_blocked, id=4852, stack(0x000000000c630000,0x000000000c730000)]

Other Threads:
  0x00000000021ba800 VMThread [stack: 0x000000000c7b0000,0x000000000c8b0000] [id=5484]
  0x000000000b6a2000 WatcherThread [stack: 0x000000000ce20000,0x000000000cf20000] [id=5876]

=>0x0000000002117000 (exited) GCTaskThread [stack: 0x00000000060d0000,0x00000000061d0000] [id=2568]

VM state:at safepoint (normal execution)

VM Mutex/Monitor currently owned by a thread:  ([mutex/lock_event])
[0x00000000022ca7e0] Threads_lock - owner thread: 0x00000000021ba800
[0x00000000022cace0] Heap_lock - owner thread: 0x000000000d5f4800

Heap
 PSYoungGen      total 55872K, used 2128K [0x00000000d6560000, 0x00000000da270000, 0x0000000000000000)
  eden space 49216K, 0% used [0x00000000d6560000,0x00000000d6560000,0x00000000d9570000)
  from space 6656K, 31% used [0x00000000d9570000,0x00000000d97842f0,0x00000000d9bf0000)
  to   space 6656K, 0% used [0x00000000d9bf0000,0x00000000d9bf0000,0x00000000da270000)
 ParOldGen       total 534080K, used 433982K [0x0000000083000000, 0x00000000a3990000, 0x00000000d6560000)
  object space 534080K, 81% used [0x0000000083000000,0x000000009d7cf948,0x00000000a3990000)
 PSPermGen       total 21248K, used 8986K [0x000000007de00000, 0x000000007f2c0000, 0x0000000083000000)
  object space 21248K, 42% used [0x000000007de00000,0x000000007e6c6bb8,0x000000007f2c0000)

Code Cache  [0x00000000024d0000, 0x0000000002740000, 0x00000000054d0000)
 total_blobs=395 nmethods=114 adapters=232 free_code_cache=48431Kb largest_free_block=49565248

Compilation events (10 events):
Event: 7.406 Thread 0x000000000b68e800   99             java.lang.String::toUpperCase (442 bytes)
Event: 7.406 Thread 0x000000000b688000  100             java.lang.Character::toUpperCaseEx (30 bytes)
Event: 7.408 Thread 0x000000000b688000 nmethod 100 0x000000000256ef90 code [0x000000000256f0e0, 0x000000000256f238]
Event: 7.408 Thread 0x000000000b688000  101             java.lang.CharacterDataLatin1::toUpperCaseEx (71 bytes)
Event: 7.409 Thread 0x000000000b688000 nmethod 101 0x0000000002567dd0 code [0x0000000002567f00, 0x0000000002567fd8]
Event: 7.415 Thread 0x000000000b688000  102             com.sun.org.apache.xerces.internal.impl.io.UTF8Reader::read (1388 bytes)
Event: 7.448 Thread 0x000000000b68e800 nmethod 99 0x0000000002583650 code [0x0000000002583840, 0x0000000002584560]
Event: 7.482 Thread 0x000000000b688000 nmethod 102 0x0000000002588010 code [0x00000000025882a0, 0x0000000002589858]
Event: 606.888 Thread 0x000000000b68e800  103             java.io.ObjectInputStream$BlockDataInputStream::readUTFBody (156 bytes)
Event: 606.901 Thread 0x000000000b68e800 nmethod 103 0x000000000257cc90 code [0x000000000257ce60, 0x000000000257dd40]

GC Heap History (10 events):
Event: 1.742 GC heap after
Heap after GC invocations=5 (full 2):
 PSYoungGen      total 46656K, used 6272K [0x00000000d6560000, 0x00000000da270000, 0x0000000000000000)
  eden space 40000K, 0% used [0x00000000d6560000,0x00000000d6560000,0x00000000d8c70000)
  from space 6656K, 94% used [0x00000000d8c70000,0x00000000d9290040,0x00000000d92f0000)
  to   space 6656K, 0% used [0x00000000d9bf0000,0x00000000d9bf0000,0x00000000da270000)
 ParOldGen       total 534080K, used 398537K [0x0000000083000000, 0x00000000a3990000, 0x00000000d6560000)
  object space 534080K, 74% used [0x0000000083000000,0x000000009b532590,0x00000000a3990000)
 PSPermGen       total 21248K, used 7080K [0x000000007de00000, 0x000000007f2c0000, 0x0000000083000000)
  object space 21248K, 33% used [0x000000007de00000,0x000000007e4ea260,0x000000007f2c0000)
}
Event: 1.742 GC heap before
{Heap before GC invocations=6 (full 3):
 PSYoungGen      total 46656K, used 6272K [0x00000000d6560000, 0x00000000da270000, 0x0000000000000000)
  eden space 40000K, 0% used [0x00000000d6560000,0x00000000d6560000,0x00000000d8c70000)
  from space 6656K, 94% used [0x00000000d8c70000,0x00000000d9290040,0x00000000d92f0000)
  to   space 6656K, 0% used [0x00000000d9bf0000,0x00000000d9bf0000,0x00000000da270000)
 ParOldGen       total 534080K, used 398537K [0x0000000083000000, 0x00000000a3990000, 0x00000000d6560000)
  object space 534080K, 74% used [0x0000000083000000,0x000000009b532590,0x00000000a3990000)
 PSPermGen       total 21248K, used 7080K [0x000000007de00000, 0x000000007f2c0000, 0x0000000083000000)
  object space 21248K, 33% used [0x000000007de00000,0x000000007e4ea260,0x000000007f2c0000)
Event: 2.207 GC heap after
Heap after GC invocations=6 (full 3):
 PSYoungGen      total 46656K, used 0K [0x00000000d6560000, 0x00000000da270000, 0x0000000000000000)
  eden space 40000K, 0% used [0x00000000d6560000,0x00000000d6560000,0x00000000d8c70000)
  from space 6656K, 0% used [0x00000000d8c70000,0x00000000d8c70000,0x00000000d92f0000)
  to   space 6656K, 0% used [0x00000000d9bf0000,0x00000000d9bf0000,0x00000000da270000)
 ParOldGen       total 534080K, used 404559K [0x0000000083000000, 0x00000000a3990000, 0x00000000d6560000)
  object space 534080K, 75% used [0x0000000083000000,0x000000009bb13d30,0x00000000a3990000)
 PSPermGen       total 21248K, used 7080K [0x000000007de00000, 0x000000007f2c0000, 0x0000000083000000)
  object space 21248K, 33% used [0x000000007de00000,0x000000007e4ea238,0x000000007f2c0000)
}
Event: 5.947 GC heap before
{Heap before GC invocations=7 (full 3):
 PSYoungGen      total 46656K, used 38438K [0x00000000d6560000, 0x00000000da270000, 0x0000000000000000)
  eden space 40000K, 96% used [0x00000000d6560000,0x00000000d8ae99e0,0x00000000d8c70000)
  from space 6656K, 0% used [0x00000000d8c70000,0x00000000d8c70000,0x00000000d92f0000)
  to   space 6656K, 0% used [0x00000000d9bf0000,0x00000000d9bf0000,0x00000000da270000)
 ParOldGen       total 534080K, used 404559K [0x0000000083000000, 0x00000000a3990000, 0x00000000d6560000)
  object space 534080K, 75% used [0x0000000083000000,0x000000009bb13d30,0x00000000a3990000)
 PSPermGen       total 21248K, used 7630K [0x000000007de00000, 0x000000007f2c0000, 0x0000000083000000)
  object space 21248K, 35% used [0x000000007de00000,0x000000007e573918,0x000000007f2c0000)
Event: 5.961 GC heap after
Heap after GC invocations=7 (full 3):
 PSYoungGen      total 55872K, used 6646K [0x00000000d6560000, 0x00000000da270000, 0x0000000000000000)
  eden space 49216K, 0% used [0x00000000d6560000,0x00000000d6560000,0x00000000d9570000)
  from space 6656K, 99% used [0x00000000d9bf0000,0x00000000da26d8f8,0x00000000da270000)
  to   space 6656K, 0% used [0x00000000d9570000,0x00000000d9570000,0x00000000d9bf0000)
 ParOldGen       total 534080K, used 427413K [0x0000000083000000, 0x00000000a3990000, 0x00000000d6560000)
  object space 534080K, 80% used [0x0000000083000000,0x000000009d165620,0x00000000a3990000)
 PSPermGen       total 21248K, used 7630K [0x000000007de00000, 0x000000007f2c0000, 0x0000000083000000)
  object space 21248K, 35% used [0x000000007de00000,0x000000007e573918,0x000000007f2c0000)
}
Event: 5.961 GC heap before
{Heap before GC invocations=8 (full 4):
 PSYoungGen      total 55872K, used 6646K [0x00000000d6560000, 0x00000000da270000, 0x0000000000000000)
  eden space 49216K, 0% used [0x00000000d6560000,0x00000000d6560000,0x00000000d9570000)
  from space 6656K, 99% used [0x00000000d9bf0000,0x00000000da26d8f8,0x00000000da270000)
  to   space 6656K, 0% used [0x00000000d9570000,0x00000000d9570000,0x00000000d9bf0000)
 ParOldGen       total 534080K, used 427413K [0x0000000083000000, 0x00000000a3990000, 0x00000000d6560000)
  object space 534080K, 80% used [0x0000000083000000,0x000000009d165620,0x00000000a3990000)
 PSPermGen       total 21248K, used 7630K [0x000000007de00000, 0x000000007f2c0000, 0x0000000083000000)
  object space 21248K, 35% used [0x000000007de00000,0x000000007e573918,0x000000007f2c0000)
Event: 6.796 GC heap after
Heap after GC invocations=8 (full 4):
 PSYoungGen      total 55872K, used 0K [0x00000000d6560000, 0x00000000da270000, 0x0000000000000000)
  eden space 49216K, 0% used [0x00000000d6560000,0x00000000d6560000,0x00000000d9570000)
  from space 6656K, 0% used [0x00000000d9bf0000,0x00000000d9bf0000,0x00000000da270000)
  to   space 6656K, 0% used [0x00000000d9570000,0x00000000d9570000,0x00000000d9bf0000)
 ParOldGen       total 534080K, used 433982K [0x0000000083000000, 0x00000000a3990000, 0x00000000d6560000)
  object space 534080K, 81% used [0x0000000083000000,0x000000009d7cf948,0x00000000a3990000)
 PSPermGen       total 21248K, used 7630K [0x000000007de00000, 0x000000007f2c0000, 0x0000000083000000)
  object space 21248K, 35% used [0x000000007de00000,0x000000007e5738d8,0x000000007f2c0000)
}
Event: 3606.804 GC heap before
{Heap before GC invocations=9 (full 4):
 PSYoungGen      total 55872K, used 22487K [0x00000000d6560000, 0x00000000da270000, 0x0000000000000000)
  eden space 49216K, 45% used [0x00000000d6560000,0x00000000d7b55f00,0x00000000d9570000)
  from space 6656K, 0% used [0x00000000d9bf0000,0x00000000d9bf0000,0x00000000da270000)
  to   space 6656K, 0% used [0x00000000d9570000,0x00000000d9570000,0x00000000d9bf0000)
 ParOldGen       total 534080K, used 433982K [0x0000000083000000, 0x00000000a3990000, 0x00000000d6560000)
  object space 534080K, 81% used [0x0000000083000000,0x000000009d7cf948,0x00000000a3990000)
 PSPermGen       total 21248K, used 8986K [0x000000007de00000, 0x000000007f2c0000, 0x0000000083000000)
  object space 21248K, 42% used [0x000000007de00000,0x000000007e6c6bb8,0x000000007f2c0000)
Event: 3606.835 GC heap after
Heap after GC invocations=9 (full 4):
 PSYoungGen      total 55872K, used 2128K [0x00000000d6560000, 0x00000000da270000, 0x0000000000000000)
  eden space 49216K, 0% used [0x00000000d6560000,0x00000000d6560000,0x00000000d9570000)
  from space 6656K, 31% used [0x00000000d9570000,0x00000000d97842f0,0x00000000d9bf0000)
  to   space 6656K, 0% used [0x00000000d9bf0000,0x00000000d9bf0000,0x00000000da270000)
 ParOldGen       total 534080K, used 433982K [0x0000000083000000, 0x00000000a3990000, 0x00000000d6560000)
  object space 534080K, 81% used [0x0000000083000000,0x000000009d7cf948,0x00000000a3990000)
 PSPermGen       total 21248K, used 8986K [0x000000007de00000, 0x000000007f2c0000, 0x0000000083000000)
  object space 21248K, 42% used [0x000000007de00000,0x000000007e6c6bb8,0x000000007f2c0000)
}
Event: 3606.836 GC heap before
{Heap before GC invocations=10 (full 5):
 PSYoungGen      total 55872K, used 2128K [0x00000000d6560000, 0x00000000da270000, 0x0000000000000000)
  eden space 49216K, 0% used [0x00000000d6560000,0x00000000d6560000,0x00000000d9570000)
  from space 6656K, 31% used [0x00000000d9570000,0x00000000d97842f0,0x00000000d9bf0000)
  to   space 6656K, 0% used [0x00000000d9bf0000,0x00000000d9bf0000,0x00000000da270000)
 ParOldGen       total 534080K, used 433982K [0x0000000083000000, 0x00000000a3990000, 0x00000000d6560000)
  object space 534080K, 81% used [0x0000000083000000,0x000000009d7cf948,0x00000000a3990000)
 PSPermGen       total 21248K, used 8986K [0x000000007de00000, 0x000000007f2c0000, 0x0000000083000000)
  object space 21248K, 42% used [0x000000007de00000,0x000000007e6c6bb8,0x000000007f2c0000)

Deoptimization events (10 events):
Event: 6.865 Thread 0x000000000e732000 Uncommon trap -34 fr.pc 0x00000000025511b8
Event: 6.866 Thread 0x000000000e732000 Uncommon trap -34 fr.pc 0x0000000002547c14
Event: 6.866 Thread 0x000000000e732000 Uncommon trap -34 fr.pc 0x000000000254ead0
Event: 6.866 Thread 0x000000000e732000 Uncommon trap -34 fr.pc 0x0000000002552bf8
Event: 6.911 Thread 0x000000000d44e800 Uncommon trap -34 fr.pc 0x000000000255ef44
Event: 6.916 Thread 0x00000000022cd000 Uncommon trap -34 fr.pc 0x00000000025699a8
Event: 7.333 Thread 0x00000000022cd000 Uncommon trap -34 fr.pc 0x00000000025699a8
Event: 7.396 Thread 0x00000000022cd000 Uncommon trap -83 fr.pc 0x0000000002564e14
Event: 7.695 Thread 0x00000000022cd000 Uncommon trap -34 fr.pc 0x00000000025699a8
Event: 36.922 Thread 0x000000000e786000 Uncommon trap -34 fr.pc 0x00000000025699a8

Internal exceptions (10 events):
Event: 7.640 Thread 0x00000000022cd000 Threw 0x00000000d6f47018 at C:\jdk7u1_64p\jdk7u5\hotspot\src\share\vm\prims\jvm.cpp:1166
Event: 7.640 Thread 0x00000000022cd000 Threw 0x00000000d6f47538 at C:\jdk7u1_64p\jdk7u5\hotspot\src\share\vm\prims\jvm.cpp:1166
Event: 7.640 Thread 0x00000000022cd000 Threw 0x00000000d6f47c58 at C:\jdk7u1_64p\jdk7u5\hotspot\src\share\vm\prims\jvm.cpp:1166
Event: 7.640 Thread 0x00000000022cd000 Threw 0x00000000d6f48278 at C:\jdk7u1_64p\jdk7u5\hotspot\src\share\vm\prims\jvm.cpp:1166
Event: 7.640 Thread 0x00000000022cd000 Threw 0x00000000d6f48438 at C:\jdk7u1_64p\jdk7u5\hotspot\src\share\vm\classfile\systemDictionary.cpp:179
Event: 7.650 Thread 0x00000000022cd000 Threw 0x00000000d6f64860 at C:\jdk7u1_64p\jdk7u5\hotspot\src\share\vm\prims\jvm.cpp:1166
Event: 7.653 Thread 0x00000000022cd000 Threw 0x00000000d6f6a7a8 at C:\jdk7u1_64p\jdk7u5\hotspot\src\share\vm\prims\jvm.cpp:1166
Event: 7.653 Thread 0x00000000022cd000 Threw 0x00000000d6f6c2f8 at C:\jdk7u1_64p\jdk7u5\hotspot\src\share\vm\prims\jvm.cpp:1166
Event: 7.656 Thread 0x00000000022cd000 Threw 0x00000000d6f719e0 at C:\jdk7u1_64p\jdk7u5\hotspot\src\share\vm\prims\jvm.cpp:1166
Event: 7.656 Thread 0x00000000022cd000 Threw 0x00000000d6f71f20 at C:\jdk7u1_64p\jdk7u5\hotspot\src\share\vm\prims\jvm.cpp:1166

Events (10 events):
Event: 3322.024 Executing VM operation: RevokeBias
Event: 3322.024 Executing VM operation: RevokeBias done
Event: 3322.024 Executing VM operation: RevokeBias
Event: 3322.024 Executing VM operation: RevokeBias done
Event: 3322.024 Executing VM operation: RevokeBias
Event: 3322.024 Executing VM operation: RevokeBias done
Event: 3382.037 Executing VM operation: RevokeBias
Event: 3382.037 Executing VM operation: RevokeBias done
Event: 3382.037 Thread 0x000000000d44e800 Thread exited: 0x000000000d44e800
Event: 3606.804 Executing VM operation: ParallelGCSystemGC


Dynamic libraries:
0x000000003f9c0000 - 0x000000003f9f3000 	C:\Windows\system32\java.exe
0x0000000077080000 - 0x0000000077229000 	C:\Windows\SYSTEM32\ntdll.dll
0x0000000076e00000 - 0x0000000076f1f000 	C:\Windows\system32\kernel32.dll
0x00000000fd6d0000 - 0x00000000fd73b000 	C:\Windows\system32\KERNELBASE.dll
0x00000000fde80000 - 0x00000000fdf5b000 	C:\Windows\system32\ADVAPI32.dll
0x00000000fdad0000 - 0x00000000fdb6f000 	C:\Windows\system32\msvcrt.dll
0x00000000fe180000 - 0x00000000fe19f000 	C:\Windows\SYSTEM32\sechost.dll
0x00000000ff0e0000 - 0x00000000ff20d000 	C:\Windows\system32\RPCRT4.dll
0x00000000769a0000 - 0x0000000076a9a000 	C:\Windows\system32\USER32.dll
0x00000000fe000000 - 0x00000000fe067000 	C:\Windows\system32\GDI32.dll
0x00000000fd8d0000 - 0x00000000fd8de000 	C:\Windows\system32\LPK.dll
0x00000000fe1a0000 - 0x00000000fe269000 	C:\Windows\system32\USP10.dll
0x00000000fbf80000 - 0x00000000fc174000 	C:\Windows\WinSxS\amd64_microsoft.windows.common-controls_6595b64144ccf1df_6.0.7601.17514_none_fa396087175ac9ac\COMCTL32.dll
0x00000000fdbf0000 - 0x00000000fdc61000 	C:\Windows\system32\SHLWAPI.dll
0x00000000fdb70000 - 0x00000000fdb9e000 	C:\Windows\system32\IMM32.DLL
0x00000000fe070000 - 0x00000000fe179000 	C:\Windows\system32\MSCTF.dll
0x00000000628e0000 - 0x00000000629b1000 	C:\Program Files\Java\jre7\bin\msvcr100.dll
0x0000000061c00000 - 0x000000006231a000 	C:\Program Files\Java\jre7\bin\server\jvm.dll
0x00000000f7c40000 - 0x00000000f7c49000 	C:\Windows\system32\WSOCK32.dll
0x00000000fdba0000 - 0x00000000fdbed000 	C:\Windows\system32\WS2_32.dll
0x00000000fdac0000 - 0x00000000fdac8000 	C:\Windows\system32\NSI.dll
0x00000000fb480000 - 0x00000000fb4bb000 	C:\Windows\system32\WINMM.dll
0x0000000077240000 - 0x0000000077247000 	C:\Windows\system32\PSAPI.DLL
0x000000006ebe0000 - 0x000000006ebef000 	C:\Program Files\Java\jre7\bin\verify.dll
0x000000006d710000 - 0x000000006d738000 	C:\Program Files\Java\jre7\bin\java.dll
0x000000006d750000 - 0x000000006d765000 	C:\Program Files\Java\jre7\bin\zip.dll
0x00000000fce70000 - 0x00000000fce87000 	C:\Windows\system32\CRYPTSP.dll
0x00000000fca30000 - 0x00000000fca77000 	C:\Windows\system32\rsaenh.dll
0x00000000fc8e0000 - 0x00000000fc8fe000 	C:\Windows\system32\USERENV.dll
0x00000000fd4e0000 - 0x00000000fd4ef000 	C:\Windows\system32\profapi.dll
0x00000000fd410000 - 0x00000000fd41f000 	C:\Windows\system32\CRYPTBASE.dll
0x000000006d6f0000 - 0x000000006d709000 	C:\Program Files\Java\jre7\bin\net.dll
0x00000000fcd30000 - 0x00000000fcd85000 	C:\Windows\system32\mswsock.dll
0x00000000fce60000 - 0x00000000fce67000 	C:\Windows\System32\wship6.dll
0x00000000fb680000 - 0x00000000fb695000 	C:\Windows\system32\NLAapi.dll
0x00000000f86c0000 - 0x00000000f86d5000 	C:\Windows\system32\napinsp.dll
0x00000000f86a0000 - 0x00000000f86b9000 	C:\Windows\system32\pnrpnsp.dll
0x00000000fcbc0000 - 0x00000000fcc1b000 	C:\Windows\system32\DNSAPI.dll
0x00000000f8690000 - 0x00000000f869b000 	C:\Windows\System32\winrnr.dll
0x00000000f8680000 - 0x00000000f8690000 	C:\Windows\system32\wshbth.dll
0x00000000fc8d0000 - 0x00000000fc8d7000 	C:\Windows\System32\wshtcpip.dll
0x00000000fb000000 - 0x00000000fb027000 	C:\Windows\system32\IPHLPAPI.DLL
0x00000000faff0000 - 0x00000000faffb000 	C:\Windows\system32\WINNSI.DLL
0x00000000f9a40000 - 0x00000000f9a48000 	C:\Windows\system32\rasadhlp.dll
0x00000000faeb0000 - 0x00000000faf03000 	C:\Windows\System32\fwpuclnt.dll
0x000000006d6d0000 - 0x000000006d6e1000 	C:\Program Files\Java\jre7\bin\nio.dll
0x000000006d770000 - 0x000000006d777000 	C:\Program Files\Java\jre7\bin\rmi.dll
0x00000000f8e10000 - 0x00000000f8f35000 	C:\Windows\system32\dbghelp.dll

VM Arguments:
jvm_args: -Dfile.encoding=UTF-8 -Xmx2000m -Djava.rmi.server.codebase=file:///C:/MYCAT/dist/myCAT.jar -Djava.security.policy=file:///C:/MYCAT/rmi.policy 
java_command: org.olanto.mycat.main.RunAllServers2
Launcher Type: SUN_STANDARD

Environment Variables:
CLASSPATH=C:\SEMVECT\semanticvectors-3.0.jar;C:\lucene-3.4.0\contrib\demo\lucene-demo-3.4.0.jar;C:\lucene-3.4.0\lucene-core-3.4.0.jar
PATH=C:\Windows\system32;C:\Windows;C:\Windows\System32\Wbem;C:\Windows\System32\WindowsPowerShell\v1.0\;C:\Program Files\TortoiseSVN\bin;C:\Program Files (x86)\Google\Cloud SDK\google-cloud-sdk\bin
USERNAME=simple
OS=Windows_NT
PROCESSOR_IDENTIFIER=Intel64 Family 6 Model 60 Stepping 3, GenuineIntel



---------------  S Y S T E M  ---------------

OS: Windows 7 , 64 bit Build 7601 Service Pack 1

CPU:total 4 (2 cores per cpu, 1 threads per core) family 6 model 60 stepping 3, cmov, cx8, fxsr, mmx, sse, sse2, sse3, ssse3, sse4.1, sse4.2, popcnt, tsc, tscinvbit

Memory: 4k page, physical 10239480k(5415720k free), swap 20477116k(14286552k free)

vm_info: Java HotSpot(TM) 64-Bit Server VM (23.1-b03) for windows-amd64 JRE (1.7.0_05-b06), built on Jun 27 2012 00:54:58 by "java_re" with unknown MS VC++:1600

time: Tue Jun 04 12:16:56 2019
elapsed time: 3606 seconds

