[ERROR] Unable to load module entry point class simple.TranslationText.client.MainEntryPoint (see associated exception for details)
java.lang.IllegalStateException: SimplePanel can only contain one child widget
	at com.google.gwt.user.client.ui.SimplePanel.add(SimplePanel.java:57)
	at simple.TranslationText.client.TranslateGrid.DrawEffects(TranslateGrid.java:167)
	at simple.TranslationText.client.MainEntryPoint.onModuleLoad(MainEntryPoint.java:91)
	at sun.reflect.NativeMethodAccessorImpl.invoke0(Native Method)
	at sun.reflect.NativeMethodAccessorImpl.invoke(NativeMethodAccessorImpl.java:39)
	at sun.reflect.DelegatingMethodAccessorImpl.invoke(DelegatingMethodAccessorImpl.java:25)
	at java.lang.reflect.Method.invoke(Method.java:597)
	at com.google.gwt.dev.shell.ModuleSpace.onLoad(ModuleSpace.java:396)
	at com.google.gwt.dev.shell.OophmSessionHandler.loadModule(OophmSessionHandler.java:183)
	at com.google.gwt.dev.shell.BrowserChannelServer.processConnection(BrowserChannelServer.java:510)
	at com.google.gwt.dev.shell.BrowserChannelServer.run(BrowserChannelServer.java:352)
	at java.lang.Thread.run(Thread.java:619)
[ERROR] Failed to load module 'simple.TranslationText.Main' from user agent 'Mozilla/5.0 (Windows; U; Windows NT 5.1; fr; rv:1.9.2.10) Gecko/20100914 Firefox/3.6.10' at localhost:1352
com.google.gwt.core.ext.UnableToCompleteException: (see previous log entries)
	at com.google.gwt.dev.shell.ModuleSpace.onLoad(ModuleSpace.java:434)
	at com.google.gwt.dev.shell.OophmSessionHandler.loadModule(OophmSessionHandler.java:183)
	at com.google.gwt.dev.shell.BrowserChannelServer.processConnection(BrowserChannelServer.java:510)
	at com.google.gwt.dev.shell.BrowserChannelServer.run(BrowserChannelServer.java:352)
	at java.lang.Thread.run(Thread.java:619)

[ERROR] Unable to load module entry point class simple.TranslationText.client.MainEntryPoint (see associated exception for details)
java.lang.IllegalStateException: SimplePanel can only contain one child widget
	at com.google.gwt.user.client.ui.SimplePanel.add(SimplePanel.java:57)
	at simple.TranslationText.client.TranslateGrid.DrawEffects(TranslateGrid.java:167)
	at simple.TranslationText.client.MainEntryPoint.onModuleLoad(MainEntryPoint.java:91)
	at sun.reflect.NativeMethodAccessorImpl.invoke0(Native Method)
	at sun.reflect.NativeMethodAccessorImpl.invoke(NativeMethodAccessorImpl.java:39)
	at sun.reflect.DelegatingMethodAccessorImpl.invoke(DelegatingMethodAccessorImpl.java:25)
	at java.lang.reflect.Method.invoke(Method.java:597)
	at com.google.gwt.dev.shell.ModuleSpace.onLoad(ModuleSpace.java:396)
	at com.google.gwt.dev.shell.OophmSessionHandler.loadModule(OophmSessionHandler.java:183)
	at com.google.gwt.dev.shell.BrowserChannelServer.processConnection(BrowserChannelServer.java:510)
	at com.google.gwt.dev.shell.BrowserChannelServer.run(BrowserChannelServer.java:352)
	at java.lang.Thread.run(Thread.java:619)
[ERROR] Failed to load module 'simple.TranslationText.Main' from user agent 'Mozilla/5.0 (Windows; U; Windows NT 5.1; fr; rv:1.9.2.10) Gecko/20100914 Firefox/3.6.10' at localhost:1370
com.google.gwt.core.ext.UnableToCompleteException: (see previous log entries)
	at com.google.gwt.dev.shell.ModuleSpace.onLoad(ModuleSpace.java:434)
	at com.google.gwt.dev.shell.OophmSessionHandler.loadModule(OophmSessionHandler.java:183)
	at com.google.gwt.dev.shell.BrowserChannelServer.processConnection(BrowserChannelServer.java:510)
	at com.google.gwt.dev.shell.BrowserChannelServer.run(BrowserChannelServer.java:352)
	at java.lang.Thread.run(Thread.java:619)
